151258CRH REQUEST12052025.jpg
185930CRH REQUEST17012025.jpg
193221CRH REQUEST26012025.jpg
230833CRH REQUEST14022025.jpg
sample request  184901CRH REQUEST17012025.jpg
sample request 184936CRH REQUEST17012025.jpg
sample request 184938CRH REQUEST17012025.jpg
img02042025_0029_026.jpg
img02042025_0029_039.jpg
img02052025_0037_006.jpg
img02052025_0037_034.jpg
img02032025_0032_039.jpg
img02032025_0029_023.jpg
img06252025_0001.jpg
img06252025_0002.jpg
GORDON DOROTHY 658797 DG.pdf
BARTLEY LEON 710783 LB CT BRAIN FACIAL BONE ABD.jpg
BUCHANAN MARTEL 547595 MB CT AE .jpg
CLARKE CHRISTOPHER 509306 CC CTPA.jpg
FERGUSON ROBERT 449025 RF CT BRAIN.jpg
FERGUSON ROBERT 449025 RF CT BRAIN.jpg
JACKSON PAULETTE 032160 PJ CT BRAIN.jpg
JAMES WELFORD 710192 WJ CT CAP.jpg
WELFORD JAMES 710192 WJ.jpg
JOHNSON MARLANDO 225044 MJ CT CHEST.jpg
MCBEAN JOHN 156683 JM CT BRAIN.jpg
MCDONALD ORVILLE 710107 OM CT BRAIN.jpg
MCKENZIE ANDREA - 168869AM-BRAIN.jpg
MCKENZIE ANDREA 168869 AM CT CAP.jpg
MCKENZIE ANDREA 16889AM-CT HI-Res Chest.jpg
MOFFATT RANDISHA 296687 RM CT CHEST.jpg
MORRISON PHILLIP 710809 PM CT BRAIN.jpg
THOMAS HERMINE 710650 HT CT RT KNEE.jpg
WILLIAMS GLORIA 704719 GW CT CAP002.jpg
WILLIAMS GLORIA 704719 GW CT CAP003.jpg
ATHERSON MANLEY 086813 MA CT BRAIN.jpg
BICARIE ESMIE 411250 EB CT BRAIN.jpg
BICARIE ESMIE 411250 EB CT BRAIN.jpg
BLACK MAXINE 236339 MB CT CHEST.jpg
BROWN NOEL 238695 NB CT BRAIN.jpg
STODDART VIVIENE 308195 VS CT BRAIN FACIAL BONE.jpg
WATSON ANITA 708973 AW CT BRAIN.jpg
WATSON ANITA 708973 AW CT BRAIN.jpg
WATSON ANITA 708973 AW CT BRAIN.jpg
MCFARLANE SIMONE 350099 SM CT CAP003.jpg
MCFARLANE SIMONE 350099 SM CT CAP004.jpg
MCFARLANE SIMONE 350099 SM CT CAP001.jpg
MCFARLANE SIMONE 350099 SM CT CAP002.jpg
HAUGHTON ZANARIC 708471 ZH CT ABD.jpg
HASTING SHANA 709583 SH CT BRAIN.jpg
HASTING SHANA 709583 SH CT BRAIN.jpg
STONE RUPERT 318269 RS CT BRAIN.jpg
MCDONALD CLIFFORD 686092 CM CT BRIAN.jpg
YOUNG ROSALEE 070074 RY CT ABD PELVIS.jpg
LAWRENCE LONDON 567544 LL.jpg
HENDRICKS DUDLEY 367496 DH CT BRAIN.jpg
HENDRICKS DUDLEY 367496 DH CT A&E.jpg
DILLON DAVID 063650 DD CT BRAIN.jpg
DWAYNE FRANCIS 710761 DF CT LT KNEE.jpg
JULIUS DANE 505177 DJ CT BRAIN.jpg
EARLE CARROLL 710680 CE CT BRAIN.jpg
BRACKETT LINDEL 586835 LB CT A&E.jpg
FERGUSON ROBERT 449025 RF CT A&E.jpg
FERGUSON ROBERT 449025 RF CT A&E.jpg
SALASOR ROBERTO 710704 RS CT BRAIN.jpg
WINT MICHAEL 138993 MW CT BRIAN.jpg
WINT MICHAEL 138993 MW CT A&E.jpg
WINT MICHAEL 138993 MW CT A&E.jpg
WILLIAMS GLORIA 704719 GW CT CAP001.jpg
WILLIAMS GLORIA 704719 GW.jpg
MCDONALD ORVILLE 710187 OM.jpg
MCDONALD ORVILLE 710187 OM.jpg
MCKENZIE ANDREA 168869 AM CT BRAIN.jpg
HINDS CALVIN 445740 CH CT BRAIN.jpg
BLACK JANICE 276438 JB CT BRAIN.jpg
BLACK JANICE 276438 JB ONC.jpg
MITCHELL JACQUELINE  144381 JMW.jpg
MORRIS HEATHER 236424 HM CT BRAIN.jpg
MORRIS HEATHER 236424 HM CT BRAIN.jpg
LEACH MAURICE 673052 ML CT BRAIN.jpg
GORDON WANSYMORE 710343 WG CT CHEST.jpg
MCINTYRE ANTHONY 709058 AM CT BRAIN.jpg
MCINTYRE ANTHONY 709058 AM CT BRAIN ABD PELVIS.jpg
HEYWOOD CLEVE 710387 CH CTPA.jpg
REID GLORIA 147370 GR.jpg
REID GLORIA 147370 GR.jpg
REID GLORIA 147370 GR.jpg
THOMPSON SANEGIA 705661 ST .jpg
THOMPSON SANEGIA 705661 ST .jpg
THOMPSON SANEGIA 705661 ST .jpg
THOMPSON SANGIA 705661 ST CT 8W.jpg
LAWSON-BARNES SHANNA-LEE-628765 SLB  .jpg
TAYLOR GRACE 358002 GT CT CAP.jpg
TAYLOR GRACE 358002 GT CT CAP.jpg
REID IVEL 679873 IR CTPA.jpg
MARTIN LAUREL 194583 LM CT.jpg
SPENCE TIMOHYAH 255842 TS CT BRAIN .jpg
SPENCE TIMOTHY 255842 TS CT BRAIN .jpg
SPENCE TIMOHYAH 255842 TS CT BRAIN .jpg
SPENCE TIMOHYAH 255842 TS CT BRAIN .jpg
SIMONE MCFARLANE 350099 SM.jpg
SPENCE TIMOHYAH 255842 TS CTPA.jpg
MCKENZIE CLIFTON 556182 CM CT SHOULDER.jpg
Ope-Ojo Oluwatobu 686066 OO CT TEMPORAL BONE.jpg
FACEY GERALD 352389 GF CT C SPINE, CHEST, ABD.jpg
FACEY GERALD 352389 GF CT C SPINE, CHEST, ABD.jpg
MCKENZIE LIONEL 190817 LM CT A&E T1.jpg
EDWARDS SHANIQUE 601159 SE CT AE.jpg
LESLIE GARY 261445 GL CT ANGIOGRAM.jpg
BROWN KATHLEEN 710879 KB CT AE.jpg
BROWN KATHLEEN 710879 KB CT AE.jpg
BROWN KATHLEEN 710879 KB CT AE.jpg
BROWN KATHLEEN 710879 KB .jpg
WILLIAMS GERALD 495920 GW CT AE.jpg
BROWN KYLE 257839 KB CT FPGH.jpg
BROWN KYLE 257839 KB CT.jpg
HENRY VANCY 685299 VH CT.jpg
BUCHANAN DANE 428520 DB CT.jpg
PATTERSON DWAYNE 418738 DP CT.jpg
PATTERSON DWAYNE 418738 DP CT.jpg
BUCHANNAN ROPERT 330886 RB CT.jpg
BUCHANNAN ROPERT 330886 RB CT.jpg
HOWARD CLIVE 185716 CH CT BRAIN.jpg
SAMUELS CLIVE 125610 CS CT BRAIN.jpg
SAMUELS CLIVE 125610 CS CT A&E.jpg
GRAHAM PHILLIP 702857 PG CT CHEST URGENT.jpg
GRAHAM PHILLIP 702857 PG CT CHEST URGENT.jpg
WILSON GERTRUDE 699023 GW CT.jpg
SHETTLEWOOD PAMELIA 121949 PS CT AE .jpg
SALMON SARAH 480986 SS CT AE .jpg
HEWITT MONIQUE 343906 MH CT .jpg
HEWITT MONIQUE 343906 MH CT CHEST, ABD PEL.jpg
WILLIE PATRIKA-674115 PW.jpg
THOMPSON SANJIA-705061 ST.jpg
HAMILTON ANECHIA 470368 AH CT CAP.jpg
MORRISON PHILLIP 710809 PM CT AE .jpg
BROWN CYNTHIA 430007 CB .jpg
WALKER MATTHEW 357653 MW CT AE .jpg
MALCOLM IMANI 311531 IM CT AE .jpg
EBANKS IVET 064112 IE CT.jpg
WALLACE HAROLD 317085 HW CT CAP.jpg
WALLACE HAROLD 317085 HW CT CAP.jpg
WALLACE HAROLD 317085 HW .jpg
CLARKE STAINTON 508399 SC CT AE .jpg
CLARKE ERROL 595658 EC CT TRAUMA 1.jpg
CLARKE ERROL 595658 EC CT TRAUMA 1.jpg
HAMILTON MARIE 685002 MH CT.jpg
HAMILTON MARIE 685002 MH CT.jpg
DALEY ABIGAIL 535753 AD CT CAP RTD.jpg
GALLIMORE THALIA 696517 TG CT AE.jpg
HAUGHTON JAMES 695870 JH CT.jpg
EVANS LINNIE 015326 LE CT AE.jpg
BLAKE BRYAN 394806 BB CT AE.jpg
BLAKE BRYAN 394806 BB CT AE.jpg
MOORE DELORIS 147129 DM 7W.jpg
COWARD JONES SHAMARAH 644126 SCJ CT.jpg
COWARD JONES SHAMARAH 644126 SCJ CT.jpg
SALASOR ROBERTO 710704 RS CT AE.jpg
SALASOR ROBERTO 710704 RS CT AE.jpg
SALASOR ROBERTO 710704 RS CT AE.jpg
SALASOR ROBERTO 710704 RS CT AE.jpg
BRISSETT MONIQUE 272637 MB CT AE .jpg
JULIEN LOUISE 587097 LJ.jpg
STERLING LELAND 582967 LS CT AE.jpg
WILLIAMS SHANIKE 710482 SW.jpg
BARRETT-BOWERS YVONNE 369484 YBB.jpg
CAMPBELL GEORGE 323132 GC CT AE.jpg
CARGILL PETER 437579 PC CT BLOCK.jpg
MILLWOOD SHELLY-ANN 182797 SM CT AE .jpg
PAHALAJANI VIJAY 071975 VP 710995 VP CT AE.jpg
SOLER LEONARDO 711024 LS CT AE .jpg
SINCLAIR CHRISTENIA 334709 CS CT.jpg
CHAMBERS GHERMA 694630 GC CT AE .jpg
BERNARD PAULINE 132138 PB CT CAP.jpg
BERNARD PAULINE 132138 PB CT ONC.jpg
BALKE DEVONAE 704350 DB CT AE .jpg
BALKE DEVONAE 704350 DB CT AE .jpg
SMITH TREVOR 389725 TS CT AE.jpg
GORDON MONICA 204498 MG CT 7W .jpg
JAMES JOYCE 595415 JJ CT AE .jpg
JAMES JOYCE 595415 JJ CT AE .jpg
SINCLAIR DAVANET 671685 DS CT 4W .jpg
SINCLAIR DAVONET 671685 DS CT 4W.jpg
MCNAB NEITA 710827 NM CT 7E.jpg
DALEY ERIC 021570 ED CT.jpg
ADLAM ORETTE 664032 OA CT AE.jpg
ADLAM ORETTE 664032 OA CT AE.jpg
ADLAM ORETTE 664032 OA.jpg
MORRIS LEONARDO 403002 LM CT AE.jpg
WRIGHT JERMAINE 711062 JW CT AE.jpg
THORBOURNE MARTIN 670981 MT CT AE.jpg
STEWART MONICA 271816 MS CT AE.jpg
WILLIAMSON ALFRED 441814 AW CT AE.jpg
YOUNG DAVIAN 208500 DY CT AE.jpg
YOUNG DAVIAN 208500 DY CT AE.jpg
DOBSON CARMEN 430818 CD CT AE .jpg
DOBSON CARMEN 430818 CD CT AE .jpg
DOBSON CARMEN 430818 CD CT AE .jpg
DOBSON CARMEN 430818 CD CT AE .jpg
MCINTOSH LEVI 381137 LM CT URO.jpg
GRAY LORETA 711061 LG CT AE .jpg
REID CAROL 106624 CR CT AE .jpg
GAYLE MELISSA 664753 MG CT SOPD .jpg
GAYLE MELISSA 664753 MG CT SOPD .jpg
GAYLE MELISSA 664753 MG CT SOPD .jpg
GAYLE MELISSA 664753 MG CT SOPD .jpg
JONES-GONZALES MARY 513158 MJG CT AE .jpg
JONES GONZALES MARY 513158 MJG  CT AE.jpg
BYGRAVE SHANTAE 544363 SB CT AE .jpg
BLAKE ANEIKA 277910 AB CT AE .jpg
BRISCOE TERRON 711088 TB CT AE.jpg
BRISCOE TERRON 711088 TB CT AE.jpg
GRANT GARFIELD 272704 GG CT AE .jpg
SIMPSON FRANKLYN 711056 FS CT AE.jpg
SIMPSON FRANKLYN 711056 FS CT AE.jpg
LINDO LANCELOT 184831 LL CT AE .jpg
REID MERVAN 711132 MR CT AE .jpg
REID MERVAN 711132 MR CT AE .jpg
REID MERVAN 711132 MR CT AE .jpg
BLACK SYLVESTER 686913 SB .jpg
BLACK SYLVESTER 686913 SB .jpg
BLACK SYLVESTER 686913 SB .jpg
BLACK SYLVESTER 686913 SB .jpg
MCKENZIE KIRRA 368333 KM CT 10E.jpg
CURTIS VERONICA 071901 VC CT URO.jpg
CURTIS VORANICA 071901 VC CT.jpg
HAYLES BEVERLY 045300 BH CT AE.jpg
PLUMMER SONIA 018070 SP.jpg
PLUMMER SONIA 018070 SP CT.jpg
BROWN UNA 711110 UB CT AE.jpg
THOMPSON LUKE 190462 LT CT AE.jpg
ARTWELL VERNA 486142 VA CT AE.jpg
GRANSTON KIMBERLEY 696465 KG CT ONC.jpg
GAYLE HEADLEY 711055 HG CT AE.jpg
GAYLE HEADLEY 711055 HG CT AE.jpg
WEBB ERROL 024410 EW CT AE.jpg
LAWRENCE EUNICE 393369 EL CT.jpg
REID ANNETTE 645425 AR CT AE.jpg
WATSON FRANCIKA 037031 FW CT ONC.jpg
WATSON FRANCIKA 037031 FW CT ONC.jpg
COOKE GWENDOLYN 083765 GC CT AE.jpg
CAMPBELL ALBERT 086811 AC CT AE.jpg
CAMPBELL ALBERT 086811 AC CT AE.jpg
CAMPBELL ALBERT 086811 AC CT AE.jpg
HAUGHTON LINCOLN 711174 LH CT AE.jpg
DENNIS LOTAYA 502967 LD CT AE.jpg
DENNIS LOTAYA 502967 LD CT AE.jpg
DENNIS LOTAYA 502967 LD CT AE.jpg
VELLON ADA 698291 AV CT 7W.jpg
VELLON RUIZ ADA 698291 AV CT 7W.jpg
NELSON LINDEL 271070 LN CT AE.jpg
NELSON LINDEL 271070 LN CT AE.jpg
COLQUHOUN COLLIA 711140 CC CT AE.jpg
BROWN ANGELLA 092089 AB CT AE.jpg
BROWN ANGELLA 092089 AB CT AE.jpg
REID DONAVAN 599914 DR CT AE.jpg
BRISSETT IVY 029589 IB CT ONC.jpg
GRANT DAPHNE 184336 DG CT ONC.jpg
FYFFE SAMANTHA 588405 SF CT ONC.jpg
WATSON NORMA 012132 NW CT NECK.jpg
VINCENT VERONICA 226431 VV CT 7W.jpg
PENNYCOOKE KERON 145400 KP 7W.jpg
PENNYCOOK KERON 145400 KP CT 7W.jpg
PENNYCOOK KERON 145400 KP CT 7W.jpg
MCDONALD ORVILLE 710187 OM CT HDU.jpg
WALKER PAMELLA 179922 PW CT 7E.jpg
WALKER PAMELA 179922 PW CT 7W.jpg
CLARKE LEROY 707437 LC CT BLOCK C.jpg
CLARKE LEROY 707437 LC.jpg
BELL RENALDO 540264 RB CT AE.jpg
BELL RENALDO 540264 RB CT AE.jpg
TRACEY KEMAR 708260 KT CT BLOCK C.jpg
FERQUSON KEDISHA 384517 KF CT AE.jpg
WHITTINGHAM LARRY 621468 LW CT AE.jpg
WHITTINGHAM LARRY 621468 LW CT AE .jpg
BRISSETT EVANNE 064635 EB CT AE .jpg
CHUNG DERRICK 711235 DC CT BRAIN A&E.jpg
BLOOMFIELD NICHOLE 702090 NB CT BRAIN A&E.jpg
ALLEN SIMONE 392213 SA CT 10E.jpg
ALLEN SIMONE 392213 SA CT 10E .jpg
ALLEN SIMONE 392213 SA CT BRAIN FACIAL BONES.jpg
COLEMAN NORMA 683197 NC CT AE .jpg
COLEMAN NORMA 683197 NC CT AE .jpg
COLEMAN NORMA 683197 NC CT AE .jpg
MORRIS DASLYN 133444 DM CT AE.jpg
DYER ROSEMARIE 509796 RD CT 7E.jpg
PETERKIN MARTIN 219543 MP CT.jpg
PETERKIN MARTIN 219543 MP CT.jpg
JOHNSON DULCIE 039153 DJ CT AE .jpg
GRANT CALVIN 410773 CG CT AE.jpg
GRANT CALVIN 410773 CG CT AE.jpg
GRANT CALVIN 410773 CG CT AE.jpg
CURTIS SYLVIA 044342 SC CT AE.jpg
SWABY JODI-ANNE 273826 JS CT AE .jpg
FLECTHER INDIRA 267335 IF CT AE.jpg
ROBINSON AMELIA 007901 AR CT AE.jpg
GREEN VANESSA 711279 VG CT AE.jpg
LEWIS KRSYSANNA 648269 KL CT AE.jpg
PATTERSON DELTA 303640 DP CT AE.jpg
BROWN SASHAKAY 666880 SB CT 4W.jpg
ROACHE JASON 253370 JR CT AE .jpg
MAINE JOY 040166 JM CT AE.jpg
SMITH MAVIS 427959 MS CT AE .jpg
